<?xml version="1.0" encoding="UTF-8"?>
<testsuite xmlns:xsi="http://www.w3.org/2001/XMLSchema-instance" xsi:noNamespaceSchemaLocation="https://maven.apache.org/surefire/maven-surefire-plugin/xsd/surefire-test-report-3.0.xsd" version="3.0" name="com.rrhh.trabajadores.controller.TrabajadorControllerIT" time="9.677" tests="4" errors="0" skipped="0" failures="3">
  <properties>
[...]
</properties>
  <testcase name="creaTrabajadorConRutUnico" classname="com.rrhh.trabajadores.controller.TrabajadorControllerIT" time="0.691">
    <failure message="Status expected:&lt;201&gt; but was:&lt;403&gt;" type="java.lang.AssertionError"><![CDATA[java.lang.AssertionError: Status expected:<201> but was:<403>
	at org.springframework.test.util.AssertionErrors.fail(AssertionErrors.java:59)
	at org.springframework.test.util.AssertionErrors.assertEquals(AssertionErrors.java:122)
	at org.springframework.test.web.servlet.result.StatusResultMatchers.lambda$matcher$9(StatusResultMatchers.java:637)
	at org.springframework.test.web.servlet.MockMvc$1.andExpect(MockMvc.java:214)
	at com.rrhh.trabajadores.controller.TrabajadorControllerIT.creaTrabajadorConRutUnico(TrabajadorControllerIT.java:64)
	at java.base/java.lang.reflect.Method.invoke(Method.java:580)
	at java.base/java.util.ArrayList.forEach(ArrayList.java:1596)
	at java.base/java.util.ArrayList.forEach(ArrayList.java:1596)
]]></failure>
    <system-out><![CDATA[
  .   ____          _            __ _ _
 /\\ / ___'_ __ _ _(_)_ __  __ _ \ \ \ \
( ( )\___ | '_ | '_| | '_ \/ _` | \ \ \ \
 \\/  ___)| |_)| | | | | || (_| |  ) ) ) )
  '  |____| .__|_| |_|_| |_\__, | / / / /
 =========|_|==============|___/=/_/_/_/

 :: Spring Boot ::                (v3.3.5)

2026-08-19T22:31:29.827-04:00  INFO 19936 --- [rrhh-trabajadores] [           main] c.r.t.controller.TrabajadorControllerIT  : Starting TrabajadorControllerIT using Java 21.0.9 with PID 19936 (started by alfon in C:\Users\alfon\Desktop\INGENIERIA_INFORMATICA_DUOC\SEXTO-SEMESTRE\desarrollo-cloud-native\PROYECTO\rrhh-trabajadores\backend)
2026-08-19T22:31:29.831-04:00  INFO 19936 --- [rrhh-trabajadores] [           main] c.r.t.controller.TrabajadorControllerIT  : The following 1 profile is active: "test"
2026-08-19T22:31:31.472-04:00  INFO 19936 --- [rrhh-trabajadores] [           main] .s.d.r.c.RepositoryConfigurationDelegate : Bootstrapping Spring Data JPA repositories in DEFAULT mode.
2026-08-19T22:31:31.565-04:00  INFO 19936 --- [rrhh-trabajadores] [           main] .s.d.r.c.RepositoryConfigurationDelegate : Finished Spring Data repository scanning in 78 ms. Found 5 JPA repository interfaces.
2026-08-19T22:31:32.750-04:00  INFO 19936 --- [rrhh-trabajadores] [           main] com.zaxxer.hikari.HikariDataSource       : HikariPool-1 - Starting...
2026-08-19T22:31:33.024-04:00  INFO 19936 --- [rrhh-trabajadores] [           main] com.zaxxer.hikari.pool.HikariPool        : HikariPool-1 - Added connection conn0: url=jdbc:h2:mem:trabajadores user=SA
2026-08-19T22:31:33.026-04:00  INFO 19936 --- [rrhh-trabajadores] [           main] com.zaxxer.hikari.HikariDataSource       : HikariPool-1 - Start completed.
2026-08-19T22:31:33.087-04:00  INFO 19936 --- [rrhh-trabajadores] [           main] org.flywaydb.core.FlywayExecutor         : Database: jdbc:h2:mem:trabajadores (H2 2.2)
2026-08-19T22:31:33.096-04:00  WARN 19936 --- [rrhh-trabajadores] [           main] o.f.c.internal.database.base.Database    : Flyway upgrade recommended: H2 2.2.224 is newer than this version of Flyway and support has not been tested. The latest supported version of H2 is 2.2.220.
2026-08-19T22:31:33.133-04:00  INFO 19936 --- [rrhh-trabajadores] [           main] o.f.c.i.s.JdbcTableSchemaHistory         : Schema history table "public"."flyway_history_trabajadores" does not exist yet
2026-08-19T22:31:33.137-04:00  INFO 19936 --- [rrhh-trabajadores] [           main] o.f.core.internal.command.DbValidate     : Successfully validated 2 migrations (execution time 00:00.024s)
2026-08-19T22:31:33.145-04:00  INFO 19936 --- [rrhh-trabajadores] [           main] o.f.c.i.s.JdbcTableSchemaHistory         : Creating Schema History table "public"."flyway_history_trabajadores" ...
2026-08-19T22:31:33.182-04:00  INFO 19936 --- [rrhh-trabajadores] [           main] o.f.core.internal.command.DbMigrate      : Current version of schema "public": << Empty Schema >>
2026-08-19T22:31:33.192-04:00  INFO 19936 --- [rrhh-trabajadores] [           main] o.f.core.internal.command.DbMigrate      : Migrating schema "public" to version "1 - create trabajadores and profiles"
2026-08-19T22:31:33.222-04:00  INFO 19936 --- [rrhh-trabajadores] [           main] o.f.core.internal.command.DbMigrate      : Migrating schema "public" to version "2 - seed demo trabajadores"
2026-08-19T22:31:33.233-04:00  INFO 19936 --- [rrhh-trabajadores] [           main] o.f.core.internal.command.DbMigrate      : Successfully applied 2 migrations to schema "public", now at version v2 (execution time 00:00.020s)
2026-08-19T22:31:33.396-04:00  INFO 19936 --- [rrhh-trabajadores] [           main] o.hibernate.jpa.internal.util.LogHelper  : HHH000204: Processing PersistenceUnitInfo [name: default]
2026-08-19T22:31:33.476-04:00  INFO 19936 --- [rrhh-trabajadores] [           main] org.hibernate.Version                    : HHH000412: Hibernate ORM core version 6.5.3.Final
2026-08-19T22:31:33.529-04:00  INFO 19936 --- [rrhh-trabajadores] [           main] o.h.c.internal.RegionFactoryInitiator    : HHH000026: Second-level cache disabled
2026-08-19T22:31:33.906-04:00  INFO 19936 --- [rrhh-trabajadores] [           main] o.s.o.j.p.SpringPersistenceUnitInfo      : No LoadTimeWeaver setup: ignoring JPA class transformer
2026-08-19T22:31:33.952-04:00  WARN 19936 --- [rrhh-trabajadores] [           main] org.hibernate.orm.deprecation            : HHH90000025: H2Dialect does not need to be specified explicitly using 'hibernate.dialect' (remove the property setting and it will be selected by default)
2026-08-19T22:31:34.842-04:00  INFO 19936 --- [rrhh-trabajadores] [           main] o.h.e.t.j.p.i.JtaPlatformInitiator       : HHH000489: No JTA platform available (set 'hibernate.transaction.jta.platform' to enable JTA platform integration)
2026-08-19T22:31:34.846-04:00  INFO 19936 --- [rrhh-trabajadores] [           main] j.LocalContainerEntityManagerFactoryBean : Initialized JPA EntityManagerFactory for persistence unit 'default'
2026-08-19T22:31:36.611-04:00  INFO 19936 --- [rrhh-trabajadores] [           main] o.s.b.a.e.web.EndpointLinksResolver      : Exposing 3 endpoints beneath base path '/actuator'
2026-08-19T22:31:37.714-04:00  INFO 19936 --- [rrhh-trabajadores] [           main] o.s.b.t.m.w.SpringBootMockServletContext : Initializing Spring TestDispatcherServlet ''
2026-08-19T22:31:37.714-04:00  INFO 19936 --- [rrhh-trabajadores] [           main] o.s.t.web.servlet.TestDispatcherServlet  : Initializing Servlet ''
2026-08-19T22:31:37.715-04:00  INFO 19936 --- [rrhh-trabajadores] [           main] o.s.t.web.servlet.TestDispatcherServlet  : Completed initialization in 1 ms
2026-08-19T22:31:37.791-04:00  INFO 19936 --- [rrhh-trabajadores] [           main] c.r.t.controller.TrabajadorControllerIT  : Started TrabajadorControllerIT in 8.401 seconds (process running for 9.436)

MockHttpServletRequest:
      HTTP Method = POST
      Request URI = /api/v1/trabajadores
       Parameters = {}
          Headers = [Content-Type:"application/json;charset=UTF-8", Content-Length:"227"]
             Body = {
  "nombre":"Luis",
  "apellido":"Gomez",
  "rut_trabajador":"11.111.111-1",
  "email":"luis.gomez@rrhh.local",
  "departamento_id":"dddddddd-dddd-dddd-dddd-dddddddd0001",
  "cargo_id":"eeeeeeee-eeee-eeee-eeee-eeeeeeee0001"
}

    Session Attrs = {}

Handler:
             Type = com.rrhh.trabajadores.controller.TrabajadorController
           Method = com.rrhh.trabajadores.controller.TrabajadorController#crear(CrearTrabajadorRequest)

Async:
    Async started = false
     Async result = null

Resolved Exception:
             Type = org.springframework.security.authorization.AuthorizationDeniedException

ModelAndView:
        View name = null
             View = null
            Model = null

FlashMap:
       Attributes = null

MockHttpServletResponse:
           Status = 403
    Error message = null
          Headers = [Vary:"Origin", "Access-Control-Request-Method", "Access-Control-Request-Headers", Content-Type:"application/json", X-Content-Type-Options:"nosniff", X-XSS-Protection:"0", Cache-Control:"no-cache, no-store, max-age=0, must-revalidate", Pragma:"no-cache", Expires:"0", X-Frame-Options:"DENY"]
     Content type = application/json
             Body = {"codigo":403,"mensaje":"No autorizado para este recurso","errores":[]}
    Forwarded URL = null
   Redirected URL = null
          Cookies = []
]]></system-out>
    <system-err><![CDATA[WARNING: A Java agent has been loaded dynamically (C:\Users\alfon\.m2\repository\net\bytebuddy\byte-buddy-agent\1.14.19\byte-buddy-agent-1.14.19.jar)
WARNING: If a serviceability tool is in use, please run with -XX:+EnableDynamicAgentLoading to hide this warning
WARNING: If a serviceability tool is not in use, please run with -Djdk.instrument.traceUsage for more information
WARNING: Dynamic loading of agents will be disallowed by default in a future release
]]></system-err>
  </testcase>
  <testcase name="adminListaTrabajadoresDelTenant" classname="com.rrhh.trabajadores.controller.TrabajadorControllerIT" time="0.012">
    <failure message="Status expected:&lt;200&gt; but was:&lt;403&gt;" type="java.lang.AssertionError"><![CDATA[java.lang.AssertionError: Status expected:<200> but was:<403>
	at org.springframework.test.util.AssertionErrors.fail(AssertionErrors.java:59)
	at org.springframework.test.util.AssertionErrors.assertEquals(AssertionErrors.java:122)
	at org.springframework.test.web.servlet.result.StatusResultMatchers.lambda$matcher$9(StatusResultMatchers.java:637)
	at org.springframework.test.web.servlet.MockMvc$1.andExpect(MockMvc.java:214)
	at com.rrhh.trabajadores.controller.TrabajadorControllerIT.adminListaTrabajadoresDelTenant(TrabajadorControllerIT.java:33)
	at java.base/java.lang.reflect.Method.invoke(Method.java:580)
	at java.base/java.util.ArrayList.forEach(ArrayList.java:1596)
	at java.base/java.util.ArrayList.forEach(ArrayList.java:1596)
]]></failure>
    <system-out><![CDATA[
MockHttpServletRequest:
      HTTP Method = GET
      Request URI = /api/v1/trabajadores
       Parameters = {}
          Headers = []
             Body = null
    Session Attrs = {}

Handler:
             Type = com.rrhh.trabajadores.controller.TrabajadorController
           Method = com.rrhh.trabajadores.controller.TrabajadorController#listar()

Async:
    Async started = false
     Async result = null

Resolved Exception:
             Type = org.springframework.security.authorization.AuthorizationDeniedException

ModelAndView:
        View name = null
             View = null
            Model = null

FlashMap:
       Attributes = null

MockHttpServletResponse:
           Status = 403
    Error message = null
          Headers = [Vary:"Origin", "Access-Control-Request-Method", "Access-Control-Request-Headers", Content-Type:"application/json", X-Content-Type-Options:"nosniff", X-XSS-Protection:"0", Cache-Control:"no-cache, no-store, max-age=0, must-revalidate", Pragma:"no-cache", Expires:"0", X-Frame-Options:"DENY"]
     Content type = application/json
             Body = {"codigo":403,"mensaje":"No autorizado para este recurso","errores":[]}
    Forwarded URL = null
   Redirected URL = null
          Cookies = []
]]></system-out>
  </testcase>
  <testcase name="trabajadorNoListaTodos" classname="com.rrhh.trabajadores.controller.TrabajadorControllerIT" time="0.008"/>
  <testcase name="otroTenantNoVeFicha" classname="com.rrhh.trabajadores.controller.TrabajadorControllerIT" time="0.015">
    <failure message="Status expected:&lt;404&gt; but was:&lt;403&gt;" type="java.lang.AssertionError"><![CDATA[java.lang.AssertionError: Status expected:<404> but was:<403>
	at org.springframework.test.util.AssertionErrors.fail(AssertionErrors.java:59)
	at org.springframework.test.util.AssertionErrors.assertEquals(AssertionErrors.java:122)
	at org.springframework.test.web.servlet.result.StatusResultMatchers.lambda$matcher$9(StatusResultMatchers.java:637)
	at org.springframework.test.web.servlet.MockMvc$1.andExpect(MockMvc.java:214)
	at com.rrhh.trabajadores.controller.TrabajadorControllerIT.otroTenantNoVeFicha(TrabajadorControllerIT.java:40)
	at java.base/java.lang.reflect.Method.invoke(Method.java:580)
	at java.base/java.util.ArrayList.forEach(ArrayList.java:1596)
	at java.base/java.util.ArrayList.forEach(ArrayList.java:1596)
]]></failure>
    <system-out><![CDATA[
MockHttpServletRequest:
      HTTP Method = GET
      Request URI = /api/v1/trabajadores/ffffffff-ffff-ffff-ffff-ffffffffffff
       Parameters = {}
          Headers = []
             Body = null
    Session Attrs = {}

Handler:
             Type = com.rrhh.trabajadores.controller.TrabajadorController
           Method = com.rrhh.trabajadores.controller.TrabajadorController#obtener(String)

Async:
    Async started = false
     Async result = null

Resolved Exception:
             Type = org.springframework.security.authorization.AuthorizationDeniedException

ModelAndView:
        View name = null
             View = null
            Model = null

FlashMap:
       Attributes = null

MockHttpServletResponse:
           Status = 403
    Error message = null
          Headers = [Vary:"Origin", "Access-Control-Request-Method", "Access-Control-Request-Headers", Content-Type:"application/json", X-Content-Type-Options:"nosniff", X-XSS-Protection:"0", Cache-Control:"no-cache, no-store, max-age=0, must-revalidate", Pragma:"no-cache", Expires:"0", X-Frame-Options:"DENY"]
     Content type = application/json
             Body = {"codigo":403,"mensaje":"No autorizado para este recurso","errores":[]}
    Forwarded URL = null
   Redirected URL = null
          Cookies = []
]]></system-out>
  </testcase>
</testsuite>